Nonogram/android/app/build/intermediates/manifest_merge_blame_file/release/processReleaseMainManifest/manifest-merger-blame-release-report.txt
1<?xml version="1.0" encoding="utf-8"?>
2<manifest xmlns:android="http://schemas.android.com/apk/res/android"
3    package="com.pegasusgames.nonogram"
4    android:versionCode="8"
5    android:versionName="1.6" >
6
7    <uses-sdk
8        android:minSdkVersion="23"
9        android:targetSdkVersion="36" />
10
11    <uses-permission android:name="android.permission.INTERNET" />
11-->src/main/AndroidManifest.xml:5:5-67
11-->src/main/AndroidManifest.xml:5:22-64
12    <uses-permission android:name="android.permission.POST_NOTIFICATIONS" />
12-->src/main/AndroidManifest.xml:6:5-77
12-->src/main/AndroidManifest.xml:6:22-74
13    <uses-permission android:name="android.permission.RECEIVE_BOOT_COMPLETED" />
13-->src/main/AndroidManifest.xml:7:5-81
13-->src/main/AndroidManifest.xml:7:22-78
14    <uses-permission android:name="android.permission.ACCESS_NETWORK_STATE" />
14-->src/main/AndroidManifest.xml:8:5-79
14-->src/main/AndroidManifest.xml:8:22-76
15    <uses-permission android:name="com.android.vending.BILLING" />
15-->src/main/AndroidManifest.xml:9:5-67
15-->src/main/AndroidManifest.xml:9:22-64
16
17    <queries>
17-->[com.applovin:applovin-sdk:13.6.2] AndroidManifest.xml:7:5-11:15
18        <intent>
18-->[com.applovin:applovin-sdk:13.6.2] AndroidManifest.xml:8:9-10:18
19            <action android:name="android.support.customtabs.action.CustomTabsService" />
19-->[com.applovin:applovin-sdk:13.6.2] AndroidManifest.xml:9:13-90
19-->[com.applovin:applovin-sdk:13.6.2] AndroidManifest.xml:9:21-87
20        </intent>
21        <intent>
21-->[com.android.billingclient:billing:8.3.0] AndroidManifest.xml:13:9-15:18
22            <action android:name="com.android.vending.billing.InAppBillingService.BIND" />
22-->[com.android.billingclient:billing:8.3.0] AndroidManifest.xml:14:13-91
22-->[com.android.billingclient:billing:8.3.0] AndroidManifest.xml:14:21-88
23        </intent>
24        <intent>
24-->[com.android.billingclient:billing:8.3.0] AndroidManifest.xml:16:9-18:18
25            <action android:name="com.google.android.apps.play.billingtestcompanion.BillingOverrideService.BIND" />
25-->[com.android.billingclient:billing:8.3.0] AndroidManifest.xml:17:13-116
25-->[com.android.billingclient:billing:8.3.0] AndroidManifest.xml:17:21-113
26        </intent> <!-- For browser content -->
27        <intent>
27-->[com.google.android.gms:play-services-ads-lite:23.6.0] AndroidManifest.xml:38:9-44:18
28            <action android:name="android.intent.action.VIEW" />
28-->[com.google.android.gms:play-services-ads-lite:23.6.0] AndroidManifest.xml:39:13-65
28-->[com.google.android.gms:play-services-ads-lite:23.6.0] AndroidManifest.xml:39:21-62
29
30            <category android:name="android.intent.category.BROWSABLE" />
30-->[com.google.android.gms:play-services-ads-lite:23.6.0] AndroidManifest.xml:41:13-74
30-->[com.google.android.gms:play-services-ads-lite:23.6.0] AndroidManifest.xml:41:23-71
31
32            <data android:scheme="https" />
32-->[com.google.android.gms:play-services-ads-lite:23.6.0] AndroidManifest.xml:43:13-44
32-->[com.google.android.gms:play-services-ads-lite:23.6.0] AndroidManifest.xml:43:19-41
33        </intent> <!-- End of CustomTabsService -->
34        <!-- For MRAID capabilities -->
35        <intent>
35-->[com.google.android.gms:play-services-ads-lite:23.6.0] AndroidManifest.xml:52:9-56:18
36            <action android:name="android.intent.action.INSERT" />
36-->[com.google.android.gms:play-services-ads-lite:23.6.0] AndroidManifest.xml:53:13-67
36-->[com.google.android.gms:play-services-ads-lite:23.6.0] AndroidManifest.xml:53:21-64
37
38            <data android:mimeType="vnd.android.cursor.dir/event" />
38-->[com.google.android.gms:play-services-ads-lite:23.6.0] AndroidManifest.xml:43:13-44
39        </intent>
40        <intent>
40-->[com.google.android.gms:play-services-ads-lite:23.6.0] AndroidManifest.xml:57:9-61:18
41            <action android:name="android.intent.action.VIEW" />
41-->[com.google.android.gms:play-services-ads-lite:23.6.0] AndroidManifest.xml:39:13-65
41-->[com.google.android.gms:play-services-ads-lite:23.6.0] AndroidManifest.xml:39:21-62
42
43            <data android:scheme="sms" />
43-->[com.google.android.gms:play-services-ads-lite:23.6.0] AndroidManifest.xml:43:13-44
43-->[com.google.android.gms:play-services-ads-lite:23.6.0] AndroidManifest.xml:43:19-41
44        </intent>
45        <intent>
45-->[com.google.android.gms:play-services-ads-lite:23.6.0] AndroidManifest.xml:62:9-66:18
46            <action android:name="android.intent.action.DIAL" />
46-->[com.google.android.gms:play-services-ads-lite:23.6.0] AndroidManifest.xml:63:13-65
46-->[com.google.android.gms:play-services-ads-lite:23.6.0] AndroidManifest.xml:63:21-62
47
48            <data android:path="tel:" />
48-->[com.google.android.gms:play-services-ads-lite:23.6.0] AndroidManifest.xml:43:13-44
49        </intent>
50    </queries>
51
52    <uses-permission android:name="android.permission.VIBRATE" />
52-->[com.applovin:applovin-sdk:13.6.2] AndroidManifest.xml:15:5-66
52-->[com.applovin:applovin-sdk:13.6.2] AndroidManifest.xml:15:22-63
53    <uses-permission android:name="com.google.android.gms.permission.AD_ID" />
53-->[com.applovin:applovin-sdk:13.6.2] AndroidManifest.xml:16:5-79
53-->[com.applovin:applovin-sdk:13.6.2] AndroidManifest.xml:16:22-76
54    <uses-permission android:name="com.android.vending.CHECK_LICENSE" /> <!-- Permissions required by Open Measurement SDK -->
54-->[com.applovin:applovin-sdk:13.6.2] AndroidManifest.xml:17:5-73
54-->[com.applovin:applovin-sdk:13.6.2] AndroidManifest.xml:17:22-70
55    <uses-permission android:name="android.permission.ACCESS_WIFI_STATE" />
55-->[com.applovin:applovin-sdk:13.6.2] AndroidManifest.xml:20:5-76
55-->[com.applovin:applovin-sdk:13.6.2] AndroidManifest.xml:20:22-73
56    <uses-permission android:name="android.permission.WAKE_LOCK" />
56-->[com.google.android.gms:play-services-measurement-api:23.2.0] AndroidManifest.xml:24:5-68
56-->[com.google.android.gms:play-services-measurement-api:23.2.0] AndroidManifest.xml:24:22-65
57    <uses-permission android:name="android.permission.ACCESS_ADSERVICES_ATTRIBUTION" />
57-->[com.google.android.gms:play-services-measurement-api:23.2.0] AndroidManifest.xml:26:5-88
57-->[com.google.android.gms:play-services-measurement-api:23.2.0] AndroidManifest.xml:26:22-85
58    <uses-permission android:name="android.permission.ACCESS_ADSERVICES_AD_ID" />
58-->[com.google.android.gms:play-services-measurement-api:23.2.0] AndroidManifest.xml:27:5-82
58-->[com.google.android.gms:play-services-measurement-api:23.2.0] AndroidManifest.xml:27:22-79
59    <uses-permission android:name="com.google.android.finsky.permission.BIND_GET_INSTALL_REFERRER_SERVICE" />
59-->[com.google.android.gms:play-services-measurement:23.2.0] AndroidManifest.xml:26:5-110
59-->[com.google.android.gms:play-services-measurement:23.2.0] AndroidManifest.xml:26:22-107
60    <uses-permission android:name="android.permission.ACCESS_ADSERVICES_TOPICS" />
60-->[com.google.android.gms:play-services-ads-lite:23.6.0] AndroidManifest.xml:29:5-83
60-->[com.google.android.gms:play-services-ads-lite:23.6.0] AndroidManifest.xml:29:22-80
61    <uses-permission android:name="android.permission.FOREGROUND_SERVICE" />
61-->[androidx.work:work-runtime:2.7.0] AndroidManifest.xml:28:5-77
61-->[androidx.work:work-runtime:2.7.0] AndroidManifest.xml:28:22-74
62
63    <permission
63-->[androidx.core:core:1.13.0] AndroidManifest.xml:22:5-24:47
64        android:name="com.pegasusgames.nonogram.DYNAMIC_RECEIVER_NOT_EXPORTED_PERMISSION"
64-->[androidx.core:core:1.13.0] AndroidManifest.xml:23:9-81
65        android:protectionLevel="signature" />
65-->[androidx.core:core:1.13.0] AndroidManifest.xml:24:9-44
66
67    <uses-permission android:name="com.pegasusgames.nonogram.DYNAMIC_RECEIVER_NOT_EXPORTED_PERMISSION" />
67-->[androidx.core:core:1.13.0] AndroidManifest.xml:26:5-97
67-->[androidx.core:core:1.13.0] AndroidManifest.xml:26:22-94
68
69    <application
69-->src/main/AndroidManifest.xml:11:5-52:19
70        android:allowBackup="false"
70-->src/main/AndroidManifest.xml:12:9-36
71        android:appComponentFactory="androidx.core.app.CoreComponentFactory"
71-->[androidx.core:core:1.13.0] AndroidManifest.xml:28:18-86
72        android:extractNativeLibs="false"
73        android:hardwareAccelerated="true"
73-->src/main/AndroidManifest.xml:18:9-43
74        android:icon="@mipmap/ic_launcher"
74-->src/main/AndroidManifest.xml:13:9-43
75        android:label="Nonogram Puzzle"
75-->src/main/AndroidManifest.xml:14:9-40
76        android:pageSizeCompat="enabled"
76-->src/main/AndroidManifest.xml:19:9-41
77        android:roundIcon="@mipmap/ic_launcher_round"
77-->src/main/AndroidManifest.xml:15:9-54
78        android:supportsRtl="true"
78-->src/main/AndroidManifest.xml:16:9-35
79        android:theme="@style/Theme.Nonogram" >
79-->src/main/AndroidManifest.xml:17:9-46
80
81        <!-- Resolve AdMob vs Firebase Analytics conflict over AD_SERVICES_CONFIG -->
82        <property
82-->src/main/AndroidManifest.xml:22:9-25:48
83            android:name="android.adservices.AD_SERVICES_CONFIG"
83-->src/main/AndroidManifest.xml:23:13-65
84            android:resource="@xml/gma_ad_services_config" />
84-->src/main/AndroidManifest.xml:24:13-59
85
86        <meta-data
86-->src/main/AndroidManifest.xml:27:9-29:64
87            android:name="applovin.sdk.key"
87-->src/main/AndroidManifest.xml:28:13-44
88            android:value="ENTER_YOUR_APPLOVIN_SDK_KEY_HERE" />
88-->src/main/AndroidManifest.xml:29:13-61
89        <meta-data
89-->src/main/AndroidManifest.xml:30:9-31:69
90            android:name="com.google.android.gms.ads.APPLICATION_ID"
90-->src/main/AndroidManifest.xml:30:20-76
91            android:value="ca-app-pub-2759523698880843~8865461839" />
91-->src/main/AndroidManifest.xml:31:13-67
92
93        <activity
93-->src/main/AndroidManifest.xml:33:9-42:20
94            android:name="com.pegasusgames.nonogram.MainActivity"
94-->src/main/AndroidManifest.xml:34:13-41
95            android:configChanges="orientation|screenSize|keyboardHidden"
95-->src/main/AndroidManifest.xml:36:13-74
96            android:exported="true"
96-->src/main/AndroidManifest.xml:35:13-36
97            android:windowSoftInputMode="adjustNothing" >
97-->src/main/AndroidManifest.xml:37:13-56
98            <intent-filter>
98-->src/main/AndroidManifest.xml:38:13-41:29
99                <action android:name="android.intent.action.MAIN" />
99-->src/main/AndroidManifest.xml:39:17-68
99-->src/main/AndroidManifest.xml:39:25-66
100
101                <category android:name="android.intent.category.LAUNCHER" />
101-->src/main/AndroidManifest.xml:40:17-76
101-->src/main/AndroidManifest.xml:40:27-74
102            </intent-filter>
103        </activity>
104
105        <receiver
105-->src/main/AndroidManifest.xml:45:9-51:20
106            android:name="com.pegasusgames.nonogram.NotificationReceiver"
106-->src/main/AndroidManifest.xml:46:13-49
107            android:exported="false" >
107-->src/main/AndroidManifest.xml:47:13-37
108            <intent-filter>
108-->src/main/AndroidManifest.xml:48:13-50:29
109                <action android:name="android.intent.action.BOOT_COMPLETED" />
109-->src/main/AndroidManifest.xml:49:17-79
109-->src/main/AndroidManifest.xml:49:25-76
110            </intent-filter>
111        </receiver>
112
113        <provider
113-->[com.applovin:applovin-sdk:13.6.2] AndroidManifest.xml:23:9-27:39
114            android:name="com.applovin.sdk.AppLovinInitProvider"
114-->[com.applovin:applovin-sdk:13.6.2] AndroidManifest.xml:24:13-65
115            android:authorities="com.pegasusgames.nonogram.applovininitprovider"
115-->[com.applovin:applovin-sdk:13.6.2] AndroidManifest.xml:25:13-72
116            android:exported="false"
116-->[com.applovin:applovin-sdk:13.6.2] AndroidManifest.xml:26:13-37
117            android:initOrder="101" /> <!-- Init order is 101 so we're before Firebase/Google which uses 100 -->
117-->[com.applovin:applovin-sdk:13.6.2] AndroidManifest.xml:27:13-36
118        <activity
118-->[com.applovin:applovin-sdk:13.6.2] AndroidManifest.xml:29:9-36:74
119            android:name="com.applovin.adview.AppLovinFullscreenActivity"
119-->[com.applovin:applovin-sdk:13.6.2] AndroidManifest.xml:30:13-74
120            android:configChanges="fontScale|keyboard|keyboardHidden|locale|orientation|screenLayout|screenSize|smallestScreenSize|uiMode"
120-->[com.applovin:applovin-sdk:13.6.2] AndroidManifest.xml:31:13-139
121            android:exported="false"
121-->[com.applovin:applovin-sdk:13.6.2] AndroidManifest.xml:32:13-37
122            android:hardwareAccelerated="true"
122-->[com.applovin:applovin-sdk:13.6.2] AndroidManifest.xml:33:13-47
123            android:launchMode="singleTop"
123-->[com.applovin:applovin-sdk:13.6.2] AndroidManifest.xml:34:13-43
124            android:screenOrientation="behind"
124-->[com.applovin:applovin-sdk:13.6.2] AndroidManifest.xml:35:13-47
125            android:theme="@android:style/Theme.NoTitleBar.Fullscreen" />
125-->[com.applovin:applovin-sdk:13.6.2] AndroidManifest.xml:36:13-71
126        <activity
126-->[com.applovin:applovin-sdk:13.6.2] AndroidManifest.xml:37:9-43:63
127            android:name="com.applovin.adview.AppLovinFullscreenImmersiveActivity"
127-->[com.applovin:applovin-sdk:13.6.2] AndroidManifest.xml:38:13-83
128            android:configChanges="fontScale|keyboard|keyboardHidden|locale|orientation|screenLayout|screenSize|smallestScreenSize|uiMode"
128-->[com.applovin:applovin-sdk:13.6.2] AndroidManifest.xml:39:13-139
129            android:exported="false"
129-->[com.applovin:applovin-sdk:13.6.2] AndroidManifest.xml:40:13-37
130            android:hardwareAccelerated="true"
130-->[com.applovin:applovin-sdk:13.6.2] AndroidManifest.xml:41:13-47
131            android:launchMode="singleTop"
131-->[com.applovin:applovin-sdk:13.6.2] AndroidManifest.xml:42:13-43
132            android:theme="@android:style/Theme.NoTitleBar" />
132-->[com.applovin:applovin-sdk:13.6.2] AndroidManifest.xml:43:13-60
133        <activity
133-->[com.applovin:applovin-sdk:13.6.2] AndroidManifest.xml:44:9-46:142
134            android:name="com.applovin.sdk.AppLovinWebViewActivity"
134-->[com.applovin:applovin-sdk:13.6.2] AndroidManifest.xml:45:13-68
135            android:configChanges="fontScale|keyboard|keyboardHidden|locale|orientation|screenLayout|screenSize|smallestScreenSize|uiMode" /> <!-- Mediation Debugger Activities -->
135-->[com.applovin:applovin-sdk:13.6.2] AndroidManifest.xml:46:13-139
136        <activity
136-->[com.applovin:applovin-sdk:13.6.2] AndroidManifest.xml:49:9-52:87
137            android:name="com.applovin.mediation.MaxDebuggerActivity"
137-->[com.applovin:applovin-sdk:13.6.2] AndroidManifest.xml:50:13-70
138            android:configChanges="fontScale|keyboard|keyboardHidden|locale|orientation|screenLayout|screenSize|smallestScreenSize|uiMode"
138-->[com.applovin:applovin-sdk:13.6.2] AndroidManifest.xml:51:13-139
139            android:theme="@style/com.applovin.mediation.MaxDebuggerActivity.Theme" />
139-->[com.applovin:applovin-sdk:13.6.2] AndroidManifest.xml:52:13-84
140        <activity
140-->[com.applovin:applovin-sdk:13.6.2] AndroidManifest.xml:53:9-56:87
141            android:name="com.applovin.mediation.MaxDebuggerDetailActivity"
141-->[com.applovin:applovin-sdk:13.6.2] AndroidManifest.xml:54:13-76
142            android:configChanges="fontScale|keyboard|keyboardHidden|locale|orientation|screenLayout|screenSize|smallestScreenSize|uiMode"
142-->[com.applovin:applovin-sdk:13.6.2] AndroidManifest.xml:55:13-139
143            android:theme="@style/com.applovin.mediation.MaxDebuggerActivity.Theme" />
143-->[com.applovin:applovin-sdk:13.6.2] AndroidManifest.xml:56:13-84
144        <activity
144-->[com.applovin:applovin-sdk:13.6.2] AndroidManifest.xml:57:9-60:87
145            android:name="com.applovin.mediation.MaxDebuggerMultiAdActivity"
145-->[com.applovin:applovin-sdk:13.6.2] AndroidManifest.xml:58:13-77
146            android:configChanges="fontScale|keyboard|keyboardHidden|locale|orientation|screenLayout|screenSize|smallestScreenSize|uiMode"
146-->[com.applovin:applovin-sdk:13.6.2] AndroidManifest.xml:59:13-139
147            android:theme="@style/com.applovin.mediation.MaxDebuggerActivity.Theme" />
147-->[com.applovin:applovin-sdk:13.6.2] AndroidManifest.xml:60:13-84
148        <activity
148-->[com.applovin:applovin-sdk:13.6.2] AndroidManifest.xml:61:9-64:87
149            android:name="com.applovin.mediation.MaxDebuggerAdUnitsListActivity"
149-->[com.applovin:applovin-sdk:13.6.2] AndroidManifest.xml:62:13-81
150            android:configChanges="fontScale|keyboard|keyboardHidden|locale|orientation|screenLayout|screenSize|smallestScreenSize|uiMode"
150-->[com.applovin:applovin-sdk:13.6.2] AndroidManifest.xml:63:13-139
151            android:theme="@style/com.applovin.mediation.MaxDebuggerActivity.Theme" />
151-->[com.applovin:applovin-sdk:13.6.2] AndroidManifest.xml:64:13-84
152        <activity
152-->[com.applovin:applovin-sdk:13.6.2] AndroidManifest.xml:65:9-68:87
153            android:name="com.applovin.mediation.MaxDebuggerAdUnitWaterfallsListActivity"
153-->[com.applovin:applovin-sdk:13.6.2] AndroidManifest.xml:66:13-90
154            android:configChanges="fontScale|keyboard|keyboardHidden|locale|orientation|screenLayout|screenSize|smallestScreenSize|uiMode"
154-->[com.applovin:applovin-sdk:13.6.2] AndroidManifest.xml:67:13-139
155            android:theme="@style/com.applovin.mediation.MaxDebuggerActivity.Theme" />
155-->[com.applovin:applovin-sdk:13.6.2] AndroidManifest.xml:68:13-84
156        <activity
156-->[com.applovin:applovin-sdk:13.6.2] AndroidManifest.xml:69:9-72:87
157            android:name="com.applovin.mediation.MaxDebuggerAdUnitDetailActivity"
157-->[com.applovin:applovin-sdk:13.6.2] AndroidManifest.xml:70:13-82
158            android:configChanges="fontScale|keyboard|keyboardHidden|locale|orientation|screenLayout|screenSize|smallestScreenSize|uiMode"
158-->[com.applovin:applovin-sdk:13.6.2] AndroidManifest.xml:71:13-139
159            android:theme="@style/com.applovin.mediation.MaxDebuggerActivity.Theme" />
159-->[com.applovin:applovin-sdk:13.6.2] AndroidManifest.xml:72:13-84
160        <activity
160-->[com.applovin:applovin-sdk:13.6.2] AndroidManifest.xml:73:9-76:87
161            android:name="com.applovin.mediation.MaxDebuggerCmpNetworksListActivity"
161-->[com.applovin:applovin-sdk:13.6.2] AndroidManifest.xml:74:13-85
162            android:configChanges="fontScale|keyboard|keyboardHidden|locale|orientation|screenLayout|screenSize|smallestScreenSize|uiMode"
162-->[com.applovin:applovin-sdk:13.6.2] AndroidManifest.xml:75:13-139
163            android:theme="@style/com.applovin.mediation.MaxDebuggerActivity.Theme" />
163-->[com.applovin:applovin-sdk:13.6.2] AndroidManifest.xml:76:13-84
164        <activity
164-->[com.applovin:applovin-sdk:13.6.2] AndroidManifest.xml:77:9-80:87
165            android:name="com.applovin.mediation.MaxDebuggerTcfConsentStatusesListActivity"
165-->[com.applovin:applovin-sdk:13.6.2] AndroidManifest.xml:78:13-92
166            android:configChanges="fontScale|keyboard|keyboardHidden|locale|orientation|screenLayout|screenSize|smallestScreenSize|uiMode"
166-->[com.applovin:applovin-sdk:13.6.2] AndroidManifest.xml:79:13-139
167            android:theme="@style/com.applovin.mediation.MaxDebuggerActivity.Theme" />
167-->[com.applovin:applovin-sdk:13.6.2] AndroidManifest.xml:80:13-84
168        <activity
168-->[com.applovin:applovin-sdk:13.6.2] AndroidManifest.xml:81:9-84:87
169            android:name="com.applovin.mediation.MaxDebuggerTcfInfoListActivity"
169-->[com.applovin:applovin-sdk:13.6.2] AndroidManifest.xml:82:13-81
170            android:configChanges="fontScale|keyboard|keyboardHidden|locale|orientation|screenLayout|screenSize|smallestScreenSize|uiMode"
170-->[com.applovin:applovin-sdk:13.6.2] AndroidManifest.xml:83:13-139
171            android:theme="@style/com.applovin.mediation.MaxDebuggerActivity.Theme" />
171-->[com.applovin:applovin-sdk:13.6.2] AndroidManifest.xml:84:13-84
172        <activity
172-->[com.applovin:applovin-sdk:13.6.2] AndroidManifest.xml:85:9-88:87
173            android:name="com.applovin.mediation.MaxDebuggerTcfStringActivity"
173-->[com.applovin:applovin-sdk:13.6.2] AndroidManifest.xml:86:13-79
174            android:configChanges="fontScale|keyboard|keyboardHidden|locale|orientation|screenLayout|screenSize|smallestScreenSize|uiMode"
174-->[com.applovin:applovin-sdk:13.6.2] AndroidManifest.xml:87:13-139
175            android:theme="@style/com.applovin.mediation.MaxDebuggerActivity.Theme" />
175-->[com.applovin:applovin-sdk:13.6.2] AndroidManifest.xml:88:13-84
176        <activity
176-->[com.applovin:applovin-sdk:13.6.2] AndroidManifest.xml:89:9-92:87
177            android:name="com.applovin.mediation.MaxDebuggerTestLiveNetworkActivity"
177-->[com.applovin:applovin-sdk:13.6.2] AndroidManifest.xml:90:13-85
178            android:configChanges="fontScale|keyboard|keyboardHidden|locale|orientation|screenLayout|screenSize|smallestScreenSize|uiMode"
178-->[com.applovin:applovin-sdk:13.6.2] AndroidManifest.xml:91:13-139
179            android:theme="@style/com.applovin.mediation.MaxDebuggerActivity.Theme" />
179-->[com.applovin:applovin-sdk:13.6.2] AndroidManifest.xml:92:13-84
180        <activity
180-->[com.applovin:applovin-sdk:13.6.2] AndroidManifest.xml:93:9-96:87
181            android:name="com.applovin.mediation.MaxDebuggerTestModeNetworkActivity"
181-->[com.applovin:applovin-sdk:13.6.2] AndroidManifest.xml:94:13-85
182            android:configChanges="fontScale|keyboard|keyboardHidden|locale|orientation|screenLayout|screenSize|smallestScreenSize|uiMode"
182-->[com.applovin:applovin-sdk:13.6.2] AndroidManifest.xml:95:13-139
183            android:theme="@style/com.applovin.mediation.MaxDebuggerActivity.Theme" />
183-->[com.applovin:applovin-sdk:13.6.2] AndroidManifest.xml:96:13-84
184        <activity
184-->[com.applovin:applovin-sdk:13.6.2] AndroidManifest.xml:97:9-100:87
185            android:name="com.applovin.mediation.MaxDebuggerUnifiedFlowActivity"
185-->[com.applovin:applovin-sdk:13.6.2] AndroidManifest.xml:98:13-81
186            android:configChanges="fontScale|keyboard|keyboardHidden|locale|orientation|screenLayout|screenSize|smallestScreenSize|uiMode"
186-->[com.applovin:applovin-sdk:13.6.2] AndroidManifest.xml:99:13-139
187            android:theme="@style/com.applovin.mediation.MaxDebuggerActivity.Theme" />
187-->[com.applovin:applovin-sdk:13.6.2] AndroidManifest.xml:100:13-84
188        <activity
188-->[com.applovin:applovin-sdk:13.6.2] AndroidManifest.xml:101:9-104:87
189            android:name="com.applovin.mediation.MaxDebuggerWaterfallSegmentsActivity"
189-->[com.applovin:applovin-sdk:13.6.2] AndroidManifest.xml:102:13-87
190            android:configChanges="fontScale|keyboard|keyboardHidden|locale|orientation|screenLayout|screenSize|smallestScreenSize|uiMode"
190-->[com.applovin:applovin-sdk:13.6.2] AndroidManifest.xml:103:13-139
191            android:theme="@style/com.applovin.mediation.MaxDebuggerActivity.Theme" />
191-->[com.applovin:applovin-sdk:13.6.2] AndroidManifest.xml:104:13-84
192        <activity
192-->[com.applovin:applovin-sdk:13.6.2] AndroidManifest.xml:105:9-108:87
193            android:name="com.applovin.mediation.MaxDebuggerAxonEventsListActivity"
193-->[com.applovin:applovin-sdk:13.6.2] AndroidManifest.xml:106:13-84
194            android:configChanges="fontScale|keyboard|keyboardHidden|locale|orientation|screenLayout|screenSize|smallestScreenSize|uiMode"
194-->[com.applovin:applovin-sdk:13.6.2] AndroidManifest.xml:107:13-139
195            android:theme="@style/com.applovin.mediation.MaxDebuggerActivity.Theme" />
195-->[com.applovin:applovin-sdk:13.6.2] AndroidManifest.xml:108:13-84
196        <activity
196-->[com.applovin:applovin-sdk:13.6.2] AndroidManifest.xml:109:9-112:91
197            android:name="com.applovin.creative.MaxCreativeDebuggerActivity"
197-->[com.applovin:applovin-sdk:13.6.2] AndroidManifest.xml:110:13-77
198            android:configChanges="fontScale|keyboard|keyboardHidden|locale|orientation|screenLayout|screenSize|smallestScreenSize|uiMode"
198-->[com.applovin:applovin-sdk:13.6.2] AndroidManifest.xml:111:13-139
199            android:theme="@style/com.applovin.creative.CreativeDebuggerActivity.Theme" />
199-->[com.applovin:applovin-sdk:13.6.2] AndroidManifest.xml:112:13-88
200        <activity
200-->[com.applovin:applovin-sdk:13.6.2] AndroidManifest.xml:113:9-116:91
201            android:name="com.applovin.creative.MaxCreativeDebuggerDisplayedAdActivity"
201-->[com.applovin:applovin-sdk:13.6.2] AndroidManifest.xml:114:13-88
202            android:configChanges="fontScale|keyboard|keyboardHidden|locale|orientation|screenLayout|screenSize|smallestScreenSize|uiMode"
202-->[com.applovin:applovin-sdk:13.6.2] AndroidManifest.xml:115:13-139
203            android:theme="@style/com.applovin.creative.CreativeDebuggerActivity.Theme" /> <!-- Services -->
203-->[com.applovin:applovin-sdk:13.6.2] AndroidManifest.xml:116:13-88
204        <service
204-->[com.applovin:applovin-sdk:13.6.2] AndroidManifest.xml:119:9-122:44
205            android:name="com.applovin.impl.adview.activity.FullscreenAdService"
205-->[com.applovin:applovin-sdk:13.6.2] AndroidManifest.xml:120:13-81
206            android:exported="false"
206-->[com.applovin:applovin-sdk:13.6.2] AndroidManifest.xml:121:13-37
207            android:stopWithTask="false" />
207-->[com.applovin:applovin-sdk:13.6.2] AndroidManifest.xml:122:13-41
208        <service
208-->[com.applovin:applovin-sdk:13.6.2] AndroidManifest.xml:123:9-125:40
209            android:name="com.applovin.impl.adview.activity.AppRestartDuringAdDetectionService"
209-->[com.applovin:applovin-sdk:13.6.2] AndroidManifest.xml:124:13-96
210            android:exported="false" />
210-->[com.applovin:applovin-sdk:13.6.2] AndroidManifest.xml:125:13-37
211
212        <meta-data
212-->[com.android.billingclient:billing:8.3.0] AndroidManifest.xml:22:9-24:37
213            android:name="com.google.android.play.billingclient.version"
213-->[com.android.billingclient:billing:8.3.0] AndroidManifest.xml:23:13-73
214            android:value="8.3.0" />
214-->[com.android.billingclient:billing:8.3.0] AndroidManifest.xml:24:13-34
215
216        <activity
216-->[com.android.billingclient:billing:8.3.0] AndroidManifest.xml:26:9-30:75
217            android:name="com.android.billingclient.api.ProxyBillingActivity"
217-->[com.android.billingclient:billing:8.3.0] AndroidManifest.xml:27:13-78
218            android:configChanges="keyboard|keyboardHidden|screenLayout|screenSize|orientation"
218-->[com.android.billingclient:billing:8.3.0] AndroidManifest.xml:28:13-96
219            android:exported="false"
219-->[com.android.billingclient:billing:8.3.0] AndroidManifest.xml:29:13-37
220            android:theme="@android:style/Theme.Translucent.NoTitleBar" />
220-->[com.android.billingclient:billing:8.3.0] AndroidManifest.xml:30:13-72
221        <activity
221-->[com.android.billingclient:billing:8.3.0] AndroidManifest.xml:31:9-35:75
222            android:name="com.android.billingclient.api.ProxyBillingActivityV2"
222-->[com.android.billingclient:billing:8.3.0] AndroidManifest.xml:32:13-80
223            android:configChanges="keyboard|keyboardHidden|screenLayout|screenSize|orientation"
223-->[com.android.billingclient:billing:8.3.0] AndroidManifest.xml:33:13-96
224            android:exported="false"
224-->[com.android.billingclient:billing:8.3.0] AndroidManifest.xml:34:13-37
225            android:theme="@android:style/Theme.Translucent.NoTitleBar" />
225-->[com.android.billingclient:billing:8.3.0] AndroidManifest.xml:35:13-72
226
227        <service
227-->[com.google.android.gms:play-services-measurement-api:23.2.0] AndroidManifest.xml:30:9-36:19
228            android:name="com.google.firebase.components.ComponentDiscoveryService"
228-->[com.google.android.gms:play-services-measurement-api:23.2.0] AndroidManifest.xml:31:13-84
229            android:directBootAware="true"
229-->[com.google.firebase:firebase-common:22.0.1] AndroidManifest.xml:32:13-43
230            android:exported="false" >
230-->[com.google.android.gms:play-services-measurement-api:23.2.0] AndroidManifest.xml:32:13-37
231            <meta-data
231-->[com.google.android.gms:play-services-measurement-api:23.2.0] AndroidManifest.xml:33:13-35:85
232                android:name="com.google.firebase.components:com.google.firebase.analytics.connector.internal.AnalyticsConnectorRegistrar"
232-->[com.google.android.gms:play-services-measurement-api:23.2.0] AndroidManifest.xml:34:17-139
233                android:value="com.google.firebase.components.ComponentRegistrar" />
233-->[com.google.android.gms:play-services-measurement-api:23.2.0] AndroidManifest.xml:35:17-82
234            <meta-data
234-->[com.google.firebase:firebase-installations:19.1.0] AndroidManifest.xml:15:13-17:85
235                android:name="com.google.firebase.components:com.google.firebase.installations.FirebaseInstallationsKtxRegistrar"
235-->[com.google.firebase:firebase-installations:19.1.0] AndroidManifest.xml:16:17-130
236                android:value="com.google.firebase.components.ComponentRegistrar" />
236-->[com.google.firebase:firebase-installations:19.1.0] AndroidManifest.xml:17:17-82
237            <meta-data
237-->[com.google.firebase:firebase-installations:19.1.0] AndroidManifest.xml:18:13-20:85
238                android:name="com.google.firebase.components:com.google.firebase.installations.FirebaseInstallationsRegistrar"
238-->[com.google.firebase:firebase-installations:19.1.0] AndroidManifest.xml:19:17-127
239                android:value="com.google.firebase.components.ComponentRegistrar" />
239-->[com.google.firebase:firebase-installations:19.1.0] AndroidManifest.xml:20:17-82